#
# A fatal error has been detected by the Java Runtime Environment:
#
#  EXCEPTION_ACCESS_VIOLATION (0xc0000005) at pc=0x71691f7c, pid=5836, tid=0x000011a0
#
# JRE version: Java(TM) SE Runtime Environment (8.0_131-b11) (build 1.8.0_131-b11)
# Java VM: Java HotSpot(TM) Client VM (25.131-b11 mixed mode windows-x86 )
# Problematic frame:
# V  [jvm.dll+0xd1f7c]
#
# Failed to write core dump. Minidumps are not enabled by default on client versions of Windows
#
# If you would like to submit a bug report, please visit:
#   http://bugreport.java.com/bugreport/crash.jsp
#

---------------  T H R E A D  ---------------

Current thread (0x25279400):  VMThread [stack: 0x25460000,0x25660000] [id=4512]

siginfo: ExceptionCode=0xc0000005, reading address 0x00000800

Registers:
EAX=0x00000800, EBX=0x00000014, ECX=0x00000000, EDX=0x117da5d4
ESP=0x2565f664, EBP=0x2565f670, ESI=0x117da5c8, EDI=0x2565f774
EIP=0x71691f7c, EFLAGS=0x00010287

Top of Stack: (sp=0x2565f664)
0x2565f664:   117dc020 117da588 2565f774 2565f690
0x2565f674:   716659ff 117da5d4 2565f774 0050fe28
0x2565f684:   2565f774 00510578 005141b0 2565f6a4
0x2565f694:   7165ad81 2565f774 005105cc 00000001
0x2565f6a4:   2565f6bc 71658a17 2565f774 00510578
0x2565f6b4:   2565f7b4 00000000 2565f8d8 71654a57
0x2565f6c4:   00000000 2565f800 2565f774 0050f048
0x2565f6d4:   716559d4 005eee10 00510578 005105c8 

Instructions: (pc=0x71691f7c)
0x71691f5c:   14 be 89 55 08 8d 5c 01 02 49 f7 d1 23 d9 3b f2
0x71691f6c:   73 75 8b 7d 0c 8b 06 85 c0 74 65 3b 47 24 73 60
0x71691f7c:   8b 08 83 e1 03 80 f9 03 75 1e 8b 00 80 3d b4 a4
0x71691f8c:   91 71 00 74 0e 8b c8 83 e1 07 80 f9 05 75 04 33 


Register to memory mapping:

EAX=0x00000800 is an unknown value
EBX=0x00000014 is an unknown value
ECX=0x00000000 is an unknown value
EDX=0x117da5d4 is pointing into object: 0x117da588
[Ljava.util.HashMap$Node; 
 - klass: 'java/util/HashMap$Node'[]
 - length: 16
ESP=0x2565f664 is an unknown value
EBP=0x2565f670 is an unknown value
ESI=0x117da5c8 is pointing into object: 0x117da588
[Ljava.util.HashMap$Node; 
 - klass: 'java/util/HashMap$Node'[]
 - length: 16
EDI=0x2565f774 is an unknown value


Stack: [0x25460000,0x25660000],  sp=0x2565f664,  free space=2045k
Native frames: (J=compiled Java code, j=interpreted, Vv=VM code, C=native code)
V  [jvm.dll+0xd1f7c]
V  [jvm.dll+0xa59ff]
V  [jvm.dll+0x9ad81]
V  [jvm.dll+0x98a17]
V  [jvm.dll+0x94a57]
V  [jvm.dll+0x99683]
V  [jvm.dll+0x936b5]
V  [jvm.dll+0x1b9146]
V  [jvm.dll+0x1834eb]
V  [jvm.dll+0x1828f1]
V  [jvm.dll+0x182d07]
V  [jvm.dll+0x182f02]
V  [jvm.dll+0x1c2ec6]
C  [MSVCR100.dll+0x5c556]
C  [MSVCR100.dll+0x5c600]
C  [kernel32.dll+0x1343d]
C  [ntdll.dll+0x39832]
C  [ntdll.dll+0x39805]

VM_Operation (0x2747e7f4): GenCollectForAllocation, mode: safepoint, requested by thread 0x26c9a800


---------------  P R O C E S S  ---------------

Java Threads: ( => current thread )
  0x2e479c00 JavaThread "Thread-27" [_thread_blocked, id=4164, stack(0x330a0000,0x332a0000)]
  0x2e479400 JavaThread "Thread-26" [_thread_blocked, id=3692, stack(0x31380000,0x31580000)]
  0x2e47a800 JavaThread "Thread-25" [_thread_blocked, id=6068, stack(0x2fca0000,0x2fea0000)]
  0x2e47a400 JavaThread "Thread-24" [_thread_blocked, id=576, stack(0x2f750000,0x2f950000)]
  0x26e6cc00 JavaThread "Disposer" daemon [_thread_blocked, id=4808, stack(0x2d0a0000,0x2d2a0000)]
  0x2e479000 JavaThread "vm-event-handler" [_thread_blocked, id=1732, stack(0x31bd0000,0x31dd0000)]
  0x26e72800 JavaThread "BlueJ I/O Handler" [_thread_blocked, id=5668, stack(0x31990000,0x31b90000)]
  0x26e72400 JavaThread "BlueJ I/O Handler" [_thread_in_native, id=3780, stack(0x31790000,0x31990000)]
  0x26e71c00 JavaThread "BlueJ I/O Handler" [_thread_in_native, id=2412, stack(0x31590000,0x31790000)]
  0x26e71400 JavaThread "JDI Target VM Interface" daemon [_thread_in_native, id=1084, stack(0x310b0000,0x312b0000)]
  0x26e71000 JavaThread "JDI Internal Event Handler" daemon [_thread_blocked, id=6020, stack(0x30eb0000,0x310b0000)]
  0x26e70800 JavaThread "pool-3-thread-4" [_thread_blocked, id=4556, stack(0x306b0000,0x308b0000)]
  0x26e70400 JavaThread "pool-3-thread-3" [_thread_blocked, id=4596, stack(0x304b0000,0x306b0000)]
  0x26e6fc00 JavaThread "pool-3-thread-2" [_thread_blocked, id=4224, stack(0x302b0000,0x304b0000)]
  0x26e6e800 JavaThread "pool-3-thread-1" [_thread_blocked, id=408, stack(0x300b0000,0x302b0000)]
  0x26e6c400 JavaThread "TimerQueue" daemon [_thread_blocked, id=5564, stack(0x2cea0000,0x2d0a0000)]
  0x26e6b800 JavaThread "AWT-EventQueue-0" [_thread_blocked, id=5468, stack(0x2bd40000,0x2bf40000)]
  0x26e6b000 JavaThread "Prism Font Disposer" daemon [_thread_blocked, id=3176, stack(0x2b420000,0x2b620000)]
  0x26cfa800 JavaThread "Thread-5" [_thread_blocked, id=3864, stack(0x29790000,0x29990000)]
  0x26cef400 JavaThread "AWT-Windows" daemon [_thread_in_native, id=4208, stack(0x29550000,0x29750000)]
  0x26ce8c00 JavaThread "AWT-Shutdown" [_thread_blocked, id=4360, stack(0x29310000,0x29510000)]
  0x26d4d400 JavaThread "Java2D Disposer" daemon [_thread_blocked, id=4124, stack(0x29010000,0x29210000)]
  0x26ca8c00 JavaThread "Thread-3" daemon [_thread_blocked, id=2880, stack(0x28d10000,0x28f10000)]
  0x26c9a800 JavaThread "JavaFX Application Thread" [_thread_blocked, id=4712, stack(0x27280000,0x27480000)]
  0x26c9a400 JavaThread "Thread-2" daemon [_thread_blocked, id=5908, stack(0x27080000,0x27280000)]
  0x25442800 JavaThread "QuantumRenderer-0" daemon [_thread_blocked, id=3368, stack(0x26660000,0x26860000)]
  0x253f7c00 JavaThread "JavaFX-Launcher" [_thread_blocked, id=5864, stack(0x26460000,0x26660000)]
  0x252c2000 JavaThread "Service Thread" daemon [_thread_blocked, id=4112, stack(0x26060000,0x26260000)]
  0x252b8c00 JavaThread "C1 CompilerThread0" daemon [_thread_blocked, id=4248, stack(0x25e60000,0x26060000)]
  0x252c9c00 JavaThread "Attach Listener" daemon [_thread_blocked, id=4828, stack(0x25c60000,0x25e60000)]
  0x252c6c00 JavaThread "Signal Dispatcher" daemon [_thread_blocked, id=5956, stack(0x25a60000,0x25c60000)]
  0x252a5c00 JavaThread "Finalizer" daemon [_thread_blocked, id=4132, stack(0x25860000,0x25a60000)]
  0x2527f800 JavaThread "Reference Handler" daemon [_thread_blocked, id=4152, stack(0x25660000,0x25860000)]
  0x0280c400 JavaThread "main" [_thread_blocked, id=1972, stack(0x00090000,0x00290000)]

Other Threads:
=>0x25279400 VMThread [stack: 0x25460000,0x25660000] [id=4512]
  0x252c4000 WatcherThread [stack: 0x26260000,0x26460000] [id=5760]

VM state:at safepoint (normal execution)

VM Mutex/Monitor currently owned by a thread:  ([mutex/lock_event])
[0x0280a8a0] Threads_lock - owner thread: 0x25279400
[0x0280acb0] Heap_lock - owner thread: 0x26c9a800

Heap:
 def new generation   total 19904K, used 19904K [0x04e00000, 0x06390000, 0x0f8a0000)
  eden space 17728K, 100% used [0x04e00000, 0x05f50000, 0x05f50000)
  from space 2176K, 100% used [0x06170000, 0x06390000, 0x06390000)
  to   space 2176K, 100% used [0x05f50000, 0x06170000, 0x06170000)
 tenured generation   total 44016K, used 32035K [0x0f8a0000, 0x1239c000, 0x24e00000)
   the space 44016K,  72% used [0x0f8a0000, 0x117e8c68, 0x117e8e00, 0x1239c000)
 Metaspace       used 25213K, capacity 27475K, committed 27520K, reserved 28032K

Card table byte_map: [0x00910000,0x00a20000] byte_map_base: 0x008e9000

Polling page: 0x00340000

CodeCache: size=32768Kb used=5039Kb max_used=5039Kb free=27729Kb
 bounds [0x02c50000, 0x03140000, 0x04c50000]
 total_blobs=3939 nmethods=3461 adapters=406
 compilation: enabled

Compilation events (10 events):
Event: 9.145 Thread 0x252b8c00 3524             javafx.scene.control.Labeled::access$2700 (5 bytes)
Event: 9.145 Thread 0x252b8c00 nmethod 3524 0x0313c2c8 code [0x0313c3c0, 0x0313c440]
Event: 9.145 Thread 0x252b8c00 3525             javafx.scene.control.Labeled::access$1600 (5 bytes)
Event: 9.145 Thread 0x252b8c00 nmethod 3525 0x0313c4c8 code [0x0313c5c0, 0x0313c640]
Event: 9.145 Thread 0x252b8c00 3526             javafx.scene.control.Labeled::access$2300 (5 bytes)
Event: 9.145 Thread 0x252b8c00 nmethod 3526 0x0313c6c8 code [0x0313c7c0, 0x0313c840]
Event: 9.145 Thread 0x252b8c00 3527             javafx.scene.control.Labeled::access$2500 (5 bytes)
Event: 9.145 Thread 0x252b8c00 nmethod 3527 0x0313c8c8 code [0x0313c9c0, 0x0313ca40]
Event: 9.145 Thread 0x252b8c00 3528             javafx.beans.property.StringProperty::<init> (5 bytes)
Event: 9.145 Thread 0x252b8c00 nmethod 3528 0x0313cac8 code [0x0313cbc0, 0x0313cc40]

GC Heap History (10 events):
Event: 6.343 GC heap after
Heap after GC invocations=83 (full 4):
 def new generation   total 14464K, used 1600K [0x04e00000, 0x05db0000, 0x0f8a0000)
  eden space 12864K,   0% used [0x04e00000, 0x04e00000, 0x05a90000)
  from space 1600K, 100% used [0x05c20000, 0x05db0000, 0x05db0000)
  to   space 1600K,   0% used [0x05a90000, 0x05a90000, 0x05c20000)
 tenured generation   total 31964K, used 27581K [0x0f8a0000, 0x117d7000, 0x24e00000)
   the space 31964K,  86% used [0x0f8a0000, 0x1138f698, 0x1138f800, 0x117d7000)
 Metaspace       used 24306K, capacity 26394K, committed 26496K, reserved 27008K
}
Event: 6.518 GC heap before
{Heap before GC invocations=83 (full 4):
 def new generation   total 14464K, used 14464K [0x04e00000, 0x05db0000, 0x0f8a0000)
  eden space 12864K, 100% used [0x04e00000, 0x05a90000, 0x05a90000)
  from space 1600K, 100% used [0x05c20000, 0x05db0000, 0x05db0000)
  to   space 1600K,   0% used [0x05a90000, 0x05a90000, 0x05c20000)
 tenured generation   total 31964K, used 27581K [0x0f8a0000, 0x117d7000, 0x24e00000)
   the space 31964K,  86% used [0x0f8a0000, 0x1138f698, 0x1138f800, 0x117d7000)
 Metaspace       used 24927K, capacity 27156K, committed 27264K, reserved 28032K
Event: 6.529 GC heap after
Heap after GC invocations=84 (full 4):
 def new generation   total 14464K, used 1600K [0x04e00000, 0x05db0000, 0x0f8a0000)
  eden space 12864K,   0% used [0x04e00000, 0x04e00000, 0x05a90000)
  from space 1600K, 100% used [0x05a90000, 0x05c20000, 0x05c20000)
  to   space 1600K,   0% used [0x05c20000, 0x05c20000, 0x05db0000)
 tenured generation   total 31964K, used 29599K [0x0f8a0000, 0x117d7000, 0x24e00000)
   the space 31964K,  92% used [0x0f8a0000, 0x11587de8, 0x11587e00, 0x117d7000)
 Metaspace       used 24927K, capacity 27156K, committed 27264K, reserved 28032K
}
Event: 6.735 GC heap before
{Heap before GC invocations=84 (full 4):
 def new generation   total 14464K, used 14464K [0x04e00000, 0x05db0000, 0x0f8a0000)
  eden space 12864K, 100% used [0x04e00000, 0x05a90000, 0x05a90000)
  from space 1600K, 100% used [0x05a90000, 0x05c20000, 0x05c20000)
  to   space 1600K,   0% used [0x05c20000, 0x05c20000, 0x05db0000)
 tenured generation   total 31964K, used 29599K [0x0f8a0000, 0x117d7000, 0x24e00000)
   the space 31964K,  92% used [0x0f8a0000, 0x11587de8, 0x11587e00, 0x117d7000)
 Metaspace       used 25179K, capacity 27430K, committed 27520K, reserved 28032K
Event: 6.744 GC heap after
Heap after GC invocations=85 (full 4):
 def new generation   total 14464K, used 1255K [0x04e00000, 0x05db0000, 0x0f8a0000)
  eden space 12864K,   0% used [0x04e00000, 0x04e00000, 0x05a90000)
  from space 1600K,  78% used [0x05c20000, 0x05d59f30, 0x05db0000)
  to   space 1600K,   0% used [0x05a90000, 0x05a90000, 0x05c20000)
 tenured generation   total 31964K, used 31181K [0x0f8a0000, 0x117d7000, 0x24e00000)
   the space 31964K,  97% used [0x0f8a0000, 0x11713648, 0x11713800, 0x117d7000)
 Metaspace       used 25179K, capacity 27430K, committed 27520K, reserved 28032K
}
Event: 6.822 GC heap before
{Heap before GC invocations=85 (full 4):
 def new generation   total 14464K, used 14119K [0x04e00000, 0x05db0000, 0x0f8a0000)
  eden space 12864K, 100% used [0x04e00000, 0x05a90000, 0x05a90000)
  from space 1600K,  78% used [0x05c20000, 0x05d59f30, 0x05db0000)
  to   space 1600K,   0% used [0x05a90000, 0x05a90000, 0x05c20000)
 tenured generation   total 31964K, used 31181K [0x0f8a0000, 0x117d7000, 0x24e00000)
   the space 31964K,  97% used [0x0f8a0000, 0x11713648, 0x11713800, 0x117d7000)
 Metaspace       used 25179K, capacity 27430K, committed 27520K, reserved 28032K
Event: 6.905 GC heap after
Heap after GC invocations=86 (full 5):
 def new generation   total 19904K, used 0K [0x04e00000, 0x06390000, 0x0f8a0000)
  eden space 17728K,   0% used [0x04e00000, 0x04e00000, 0x05f50000)
  from space 2176K,   0% used [0x05f50000, 0x05f50000, 0x06170000)
  to   space 2176K,   0% used [0x06170000, 0x06170000, 0x06390000)
 tenured generation   total 44016K, used 26408K [0x0f8a0000, 0x1239c000, 0x24e00000)
   the space 44016K,  59% used [0x0f8a0000, 0x1126a208, 0x1126a400, 0x1239c000)
 Metaspace       used 25179K, capacity 27430K, committed 27520K, reserved 28032K
}
Event: 7.071 GC heap before
{Heap before GC invocations=86 (full 5):
 def new generation   total 19904K, used 17728K [0x04e00000, 0x06390000, 0x0f8a0000)
  eden space 17728K, 100% used [0x04e00000, 0x05f50000, 0x05f50000)
  from space 2176K,   0% used [0x05f50000, 0x05f50000, 0x06170000)
  to   space 2176K,   0% used [0x06170000, 0x06170000, 0x06390000)
 tenured generation   total 44016K, used 26408K [0x0f8a0000, 0x1239c000, 0x24e00000)
   the space 44016K,  59% used [0x0f8a0000, 0x1126a208, 0x1126a400, 0x1239c000)
 Metaspace       used 25207K, capacity 27470K, committed 27520K, reserved 28032K
Event: 7.078 GC heap after
Heap after GC invocations=87 (full 5):
 def new generation   total 19904K, used 2176K [0x04e00000, 0x06390000, 0x0f8a0000)
  eden space 17728K,   0% used [0x04e00000, 0x04e00000, 0x05f50000)
  from space 2176K, 100% used [0x06170000, 0x06390000, 0x06390000)
  to   space 2176K,   0% used [0x05f50000, 0x05f50000, 0x06170000)
 tenured generation   total 44016K, used 27892K [0x0f8a0000, 0x1239c000, 0x24e00000)
   the space 44016K,  63% used [0x0f8a0000, 0x113dd278, 0x113dd400, 0x1239c000)
 Metaspace       used 25207K, capacity 27470K, committed 27520K, reserved 28032K
}
Event: 9.150 GC heap before
{Heap before GC invocations=87 (full 5):
 def new generation   total 19904K, used 19904K [0x04e00000, 0x06390000, 0x0f8a0000)
  eden space 17728K, 100% used [0x04e00000, 0x05f50000, 0x05f50000)
  from space 2176K, 100% used [0x06170000, 0x06390000, 0x06390000)
  to   space 2176K,   0% used [0x05f50000, 0x05f50000, 0x06170000)
 tenured generation   total 44016K, used 27892K [0x0f8a0000, 0x1239c000, 0x24e00000)
   the space 44016K,  63% used [0x0f8a0000, 0x113dd278, 0x113dd400, 0x1239c000)
 Metaspace       used 25213K, capacity 27475K, committed 27520K, reserved 28032K

Deoptimization events (0 events):
No events

Internal exceptions (10 events):
Event: 6.634 Thread 0x26c9a800 Exception <a 'java/lang/NoSuchMethodError': java.lang.Object.lambda$chars$0()Ljava/util/Spliterator$OfInt;> (0x052eac48) thrown at [C:\re\workspace\8-2-build-windows-i586-cygwin\jdk8u131\8869\hotspot\src\share\vm\interpreter\linkResolver.cpp, line 582]
Event: 6.669 Thread 0x25442800 Exception <a 'java/lang/ArrayIndexOutOfBoundsException'> (0x054245f8) thrown at [C:\re\workspace\8-2-build-windows-i586-cygwin\jdk8u131\8869\hotspot\src\share\vm\runtime\sharedRuntime.cpp, line 605]
Event: 6.686 Thread 0x25442800 Exception <a 'java/lang/ArrayIndexOutOfBoundsException'> (0x054fb4f0) thrown at [C:\re\workspace\8-2-build-windows-i586-cygwin\jdk8u131\8869\hotspot\src\share\vm\runtime\sharedRuntime.cpp, line 605]
Event: 8.253 Thread 0x25442800 Exception <a 'java/lang/ArrayIndexOutOfBoundsException'> (0x05ae3240) thrown at [C:\re\workspace\8-2-build-windows-i586-cygwin\jdk8u131\8869\hotspot\src\share\vm\runtime\sharedRuntime.cpp, line 605]
Event: 8.357 Thread 0x25442800 Exception <a 'java/lang/ArrayIndexOutOfBoundsException'> (0x05b0bbf0) thrown at [C:\re\workspace\8-2-build-windows-i586-cygwin\jdk8u131\8869\hotspot\src\share\vm\runtime\sharedRuntime.cpp, line 605]
Event: 8.457 Thread 0x25442800 Exception <a 'java/lang/ArrayIndexOutOfBoundsException'> (0x05b1de58) thrown at [C:\re\workspace\8-2-build-windows-i586-cygwin\jdk8u131\8869\hotspot\src\share\vm\runtime\sharedRuntime.cpp, line 605]
Event: 8.505 Thread 0x25442800 Exception <a 'java/lang/ArrayIndexOutOfBoundsException'> (0x05b2ff98) thrown at [C:\re\workspace\8-2-build-windows-i586-cygwin\jdk8u131\8869\hotspot\src\share\vm\runtime\sharedRuntime.cpp, line 605]
Event: 8.665 Thread 0x25442800 Exception <a 'java/lang/ArrayIndexOutOfBoundsException'> (0x05b90ea0) thrown at [C:\re\workspace\8-2-build-windows-i586-cygwin\jdk8u131\8869\hotspot\src\share\vm\runtime\sharedRuntime.cpp, line 605]
Event: 8.993 Thread 0x25442800 Exception <a 'java/lang/ArrayIndexOutOfBoundsException'> (0x05bb9cc8) thrown at [C:\re\workspace\8-2-build-windows-i586-cygwin\jdk8u131\8869\hotspot\src\share\vm\runtime\sharedRuntime.cpp, line 605]
Event: 9.090 Thread 0x26c9a800 Exception <a 'java/io/FileNotFoundException'> (0x05be27f0) thrown at [C:\re\workspace\8-2-build-windows-i586-cygwin\jdk8u131\8869\hotspot\src\share\vm\prims\jni.cpp, line 709]

Events (10 events):
Event: 9.114 loading class com/sun/javafx/scene/control/skin/TabPaneSkin$TabHeaderSkin done
Event: 9.127 Thread 0x2e47a400 Thread added: 0x2e47a400
Event: 9.127 Thread 0x2e47a800 Thread added: 0x2e47a800
Event: 9.129 loading class bluej/editor/stride/FXTabbedEditor$2
Event: 9.129 loading class bluej/editor/stride/FXTabbedEditor$2 done
Event: 9.139 Thread 0x2e479400 Thread added: 0x2e479400
Event: 9.139 Thread 0x2e479c00 Thread added: 0x2e479c00
Event: 9.140 loading class com/sun/javafx/scene/traversal/ContainerTabOrder$1
Event: 9.140 loading class com/sun/javafx/scene/traversal/ContainerTabOrder$1 done
Event: 9.150 Executing VM operation: GenCollectForAllocation


Dynamic libraries:
0x00400000 - 0x004eb000 	C:\Program Files (x86)\BlueJ\BlueJ.exe
0x76fc0000 - 0x77140000 	C:\Windows\SysWOW64\ntdll.dll
0x74d70000 - 0x74e80000 	C:\Windows\syswow64\kernel32.dll
0x753a0000 - 0x753e7000 	C:\Windows\syswow64\KERNELBASE.dll
0x765a0000 - 0x76641000 	C:\Windows\syswow64\ADVAPI32.DLL
0x75650000 - 0x756fc000 	C:\Windows\syswow64\msvcrt.dll
0x74d50000 - 0x74d69000 	C:\Windows\SysWOW64\sechost.dll
0x74f50000 - 0x75040000 	C:\Windows\syswow64\RPCRT4.dll
0x74730000 - 0x74790000 	C:\Windows\syswow64\SspiCli.dll
0x74720000 - 0x7472c000 	C:\Windows\syswow64\CRYPTBASE.dll
0x74c00000 - 0x74c7b000 	C:\Windows\syswow64\COMDLG32.DLL
0x74ef0000 - 0x74f47000 	C:\Windows\syswow64\SHLWAPI.dll
0x74cc0000 - 0x74d50000 	C:\Windows\syswow64\GDI32.dll
0x76650000 - 0x76750000 	C:\Windows\syswow64\USER32.dll
0x75320000 - 0x7532a000 	C:\Windows\syswow64\LPK.dll
0x76810000 - 0x768ad000 	C:\Windows\syswow64\USP10.dll
0x72a00000 - 0x72a84000 	C:\Windows\WinSxS\x86_microsoft.windows.common-controls_6595b64144ccf1df_5.82.7601.18837_none_ec86b8d6858ec0bc\COMCTL32.dll
0x758c0000 - 0x7650c000 	C:\Windows\syswow64\SHELL32.dll
0x72a90000 - 0x72a99000 	C:\Windows\system32\VERSION.dll
0x74b80000 - 0x74be0000 	C:\Windows\system32\IMM32.DLL
0x751a0000 - 0x7526d000 	C:\Windows\syswow64\MSCTF.dll
0x715c0000 - 0x7198e000 	C:\Program Files (x86)\BlueJ\jdk\jre\bin\client\jvm.dll
0x71d30000 - 0x71d37000 	C:\Windows\system32\WSOCK32.dll
0x75360000 - 0x75395000 	C:\Windows\syswow64\WS2_32.dll
0x74e80000 - 0x74e86000 	C:\Windows\syswow64\NSI.dll
0x722e0000 - 0x72312000 	C:\Windows\system32\WINMM.dll
0x74e90000 - 0x74e95000 	C:\Windows\syswow64\PSAPI.DLL
0x71500000 - 0x715bf000 	C:\Program Files (x86)\BlueJ\jdk\jre\bin\MSVCR100.dll
0x745d0000 - 0x745dc000 	C:\Program Files (x86)\BlueJ\jdk\jre\bin\verify.dll
0x74160000 - 0x74181000 	C:\Program Files (x86)\BlueJ\jdk\jre\bin\java.dll
0x74110000 - 0x74123000 	C:\Program Files (x86)\BlueJ\jdk\jre\bin\zip.dll
0x75040000 - 0x7519d000 	C:\Windows\syswow64\ole32.dll
0x753f0000 - 0x753fb000 	C:\Windows\syswow64\profapi.dll
0x71410000 - 0x714fe000 	C:\Program Files (x86)\BlueJ\jdk\jre\bin\msvcr120.dll
0x71390000 - 0x71401000 	C:\Program Files (x86)\BlueJ\jdk\jre\bin\msvcp120.dll
0x740f0000 - 0x7410e000 	C:\Program Files (x86)\BlueJ\jdk\jre\bin\prism_d3d.dll
0x711c0000 - 0x71383000 	C:\Windows\system32\d3d9.dll
0x740e0000 - 0x740e6000 	C:\Windows\system32\d3d8thk.dll
0x71990000 - 0x719a3000 	C:\Windows\system32\dwmapi.dll
0x71ac0000 - 0x71b40000 	C:\Windows\system32\uxtheme.dll
0x6ca10000 - 0x6dbe3000 	C:\Windows\system32\igdumdim32.dll
0x705c0000 - 0x7092b000 	C:\Windows\system32\igdusc32.dll
0x73460000 - 0x73493000 	C:\Program Files (x86)\BlueJ\jdk\jre\bin\glass.dll
0x75280000 - 0x75311000 	C:\Windows\syswow64\OLEAUT32.dll
0x71070000 - 0x711b5000 	C:\Program Files (x86)\BlueJ\jdk\jre\bin\awt.dll
0x740c0000 - 0x740d1000 	C:\Program Files (x86)\BlueJ\jdk\jre\bin\javafx_font.dll
0x70480000 - 0x705b6000 	C:\Windows\system32\dwrite.dll
0x76510000 - 0x76593000 	C:\Windows\syswow64\CLBCatQ.DLL
0x72030000 - 0x721ce000 	C:\Windows\WinSxS\x86_microsoft.windows.common-controls_6595b64144ccf1df_6.0.7601.18837_none_41e855142bd5705d\comctl32.dll
0x70ac0000 - 0x70bf1000 	C:\Windows\system32\WindowsCodecs.dll
0x73410000 - 0x7345c000 	C:\Windows\system32\apphelp.dll
0x70400000 - 0x70431000 	C:\Windows\system32\EhStorShell.dll
0x769e0000 - 0x76b7d000 	C:\Windows\syswow64\SETUPAPI.dll
0x76750000 - 0x76777000 	C:\Windows\syswow64\CFGMGR32.dll
0x75340000 - 0x75352000 	C:\Windows\syswow64\DEVOBJ.dll
0x71f30000 - 0x72025000 	C:\Windows\system32\PROPSYS.dll
0x70390000 - 0x70400000 	C:\Windows\system32\ntshrui.dll
0x70ec0000 - 0x70ed9000 	C:\Windows\system32\srvcli.dll
0x740b0000 - 0x740bb000 	C:\Windows\system32\cscapi.dll
0x740a0000 - 0x740aa000 	C:\Windows\system32\slc.dll
0x73040000 - 0x73061000 	C:\Program Files (x86)\Common Files\Microsoft Shared\Ink\rtscom.dll
0x71050000 - 0x71066000 	C:\Program Files (x86)\BlueJ\jdk\jre\bin\net.dll
0x72bf0000 - 0x72c2c000 	C:\Windows\system32\mswsock.dll
0x72bd0000 - 0x72bd6000 	C:\Windows\System32\wship6.dll
0x72be0000 - 0x72be5000 	C:\Windows\System32\wshtcpip.dll
0x72b80000 - 0x72bc4000 	C:\Windows\system32\DNSAPI.dll
0x72b50000 - 0x72b71000 	C:\Program Files (x86)\Bonjour\mdnsNSP.dll
0x72b30000 - 0x72b4c000 	C:\Windows\system32\Iphlpapi.DLL
0x72b20000 - 0x72b27000 	C:\Windows\system32\WINNSI.DLL
0x72b10000 - 0x72b16000 	C:\Windows\system32\rasadhlp.dll
0x72ad0000 - 0x72b08000 	C:\Windows\System32\fwpuclnt.dll
0x70440000 - 0x70479000 	C:\Program Files (x86)\BlueJ\jdk\jre\bin\fontmanager.dll
0x702c0000 - 0x70388000 	C:\Windows\system32\opengl32.dll
0x70290000 - 0x702b2000 	C:\Windows\system32\GLU32.dll
0x701a0000 - 0x70287000 	C:\Windows\system32\DDRAW.dll
0x73400000 - 0x73406000 	C:\Windows\system32\DCIMAN32.dll
0x719e0000 - 0x719ef000 	C:\Program Files (x86)\BlueJ\jdk\jre\bin\nio.dll
0x70160000 - 0x70192000 	C:\Program Files (x86)\BlueJ\jdk\jre\bin\t2k.dll
0x71f10000 - 0x71f27000 	C:\Windows\system32\CRYPTSP.dll
0x71ed0000 - 0x71f0b000 	C:\Windows\system32\rsaenh.dll
0x74be0000 - 0x74bf7000 	C:\Windows\syswow64\USERENV.dll
0x727e0000 - 0x727ed000 	C:\Windows\system32\dhcpcsvc6.DLL
0x727c0000 - 0x727d2000 	C:\Windows\system32\dhcpcsvc.DLL
0x719d0000 - 0x719d9000 	C:\Program Files (x86)\BlueJ\jdk\jre\bin\dt_shmem.dll
0x70950000 - 0x70960000 	C:\Windows\system32\NLAapi.dll
0x70940000 - 0x70950000 	C:\Windows\system32\napinsp.dll
0x6f5e0000 - 0x6f5f2000 	C:\Windows\system32\pnrpnsp.dll
0x70930000 - 0x70938000 	C:\Windows\System32\winrnr.dll
0x70120000 - 0x7012a000 	C:\Program Files (x86)\BlueJ\jdk\jre\bin\management.dll
0x70ab0000 - 0x70abf000 	C:\Program Files (x86)\BlueJ\jdk\jre\bin\prism_common.dll
0x68030000 - 0x6a1f1000 	C:\Program Files (x86)\BlueJ\jdk\jre\bin\jfxwebkit.dll
0x6fed0000 - 0x6ffbb000 	C:\Windows\system32\dbghelp.dll

VM Arguments:
jvm_args: -Xmx512M -Djavafx.embed.singleThread=true 
java_command: <unknown>
java_class_path (initial): C:\Program Files (x86)\BlueJ\lib\bluej.jar;C:\Program Files (x86)\BlueJ\jdk\lib\tools.jar
Launcher Type: generic

Environment Variables:
JAVA_HOME=C:\Program Files\Java\jdk1.8.0_74
CLASSPATH=C:\Program Files\Java\jdk1.8.0_74\lib;C:\ant\lib
PATH=C:\Program Files (x86)\Common Files\Oracle\Java\javapath;C:\ProgramData\Oracle\Java\javapath;c:\Program Files (x86)\AMD APP\bin\x86_64;c:\Program Files (x86)\AMD APP\bin\x86;c:\Program Files (x86)\Intel\iCLS Client\;c:\Program Files\Intel\iCLS Client\;C:\Windows\system32;C:\Windows;C:\Windows\System32\Wbem;C:\Windows\System32\WindowsPowerShell\v1.0\;C:\Program Files\Intel\Intel(R) Management Engine Components\DAL;C:\Program Files\Intel\Intel(R) Management Engine Components\IPT;C:\Program Files (x86)\Intel\Intel(R) Management Engine Components\DAL;C:\Program Files (x86)\Intel\Intel(R) Management Engine Components\IPT;c:\Program Files (x86)\ATI Technologies\ATI.ACE\Core-Static;C:\Program Files (x86)\AMD APP SDK\3.0\bin\x86_64;C:\Program Files (x86)\AMD APP SDK\3.0\bin\x86;c:\altera\91sp2\quartus\bin;C:\Program Files\Microsoft SQL Server\Client SDK\ODBC\110\Tools\Binn\;C:\Program Files (x86)\Microsoft SQL Server\120\Tools\Binn\;C:\Program Files\Microsoft SQL Server\120\Tools\Binn\;C:\Program Files\Microsoft SQL Server\120\DTS\Binn\;C:\Program Files (x86)\Microsoft SQL Server\120\Tools\Binn\ManagementStudio\;C:\Program Files (x86)\Microsoft SQL Server\120\DTS\Binn\;C:\ant\bin;C:\Program Files\Git\cmd
USERNAME=aluno
OS=Windows_NT
PROCESSOR_IDENTIFIER=Intel64 Family 6 Model 58 Stepping 9, GenuineIntel



---------------  S Y S T E M  ---------------

OS: Windows 7 , 64 bit Build 7601 (6.1.7601.24214)

CPU:total 4 (initial active 4) (4 cores per cpu, 1 threads per core) family 6 model 58 stepping 9, cmov, cx8, fxsr, mmx, sse, sse2, sse3, ssse3, sse4.1, sse4.2, popcnt, avx, aes, clmul, erms, tsc, tscinvbit, tscinv

Memory: 4k page, physical 8260552k(5208284k free), swap 16519204k(11495844k free)

vm_info: Java HotSpot(TM) Client VM (25.131-b11) for windows-x86 JRE (1.8.0_131-b11), built on Mar 15 2017 01:26:29 by "java_re" with MS VC++ 10.0 (VS2010)

time: Mon Oct 22 11:25:39 2018
elapsed time: 9 seconds (0d 0h 0m 9s)

